
**** Build of configuration Debug for project hw1 ****

Nothing to build for project hw1
14:04:32 **** Incremental Build of configuration Debug for project hw1 ****
make all 
Cannot run program "make": Launching failed

Error: Program "make" not found in PATH
PATH=[C:/Program Files/Java/jdk-12.0.2/bin/server;C:/Program Files/Java/jdk-12.0.2/bin;C:\Python27\;C:\Python27\Scripts;C:\Program Files (x86)\Intel\iCLS Client\;C:\Program Files\Intel\iCLS Client\;C:\Windows\system32;C:\Windows;C:\Windows\System32\Wbem;C:\Windows\System32\WindowsPowerShell\v1.0\;C:\Program Files (x86)\NVIDIA Corporation\PhysX\Common;C:\Program Files (x86)\Intel\Intel(R) Management Engine Components\DAL;C:\Program Files\Intel\Intel(R) Management Engine Components\DAL;C:\Program Files (x86)\Intel\Intel(R) Management Engine Components\IPT;C:\Program Files\Intel\Intel(R) Management Engine Components\IPT;C:\WINDOWS\system32;C:\WINDOWS;C:\WINDOWS\System32\Wbem;C:\WINDOWS\System32\WindowsPowerShell\v1.0\;C:\WINDOWS\System32\OpenSSH\;C:\Program Files\Intel\WiFi\bin\;C:\Program Files\Common Files\Intel\WirelessCommon\;D:\ghdl\ghdl-0.35-mcode-windows\bin;D:\ghdl\gtkwave-3.3.94-bin-win32\gtkwave\bin;C:\Program Files\Git\cmd;C:\Program Files\nodejs\;C:\Program Files\dotnet\;C:\ProgramData\chocolatey\bin;D:\matlab\bin;C:\Program Files\NVIDIA Corporation\NVIDIA NvDLISR;C:\Program Files (x86)\mingw-w64\i686-8.1.0-posix-dwarf-rt_v6-rev0\mingw32\bin;C:\Program Files (x86)\mingw-w64\i686-8.1.0-posix-dwarf-rt_v6-rev0\mingw32\i686-w64-mingw32\bin;C:\Users\ejone\AppData\Local\Microsoft\WindowsApps;C:\Users\ejone\AppData\Roaming\npm;C:\Users\ejone\AppData\Local\Programs\Microsoft VS Code\bin;C:\Users\ejone\AppData\Roaming\Dashlane\6.1907.0.17833\bin\Firefox_Extension\{442718d9-475e-452a-b3e1-fb1ee16b8e9f}\components;C:\Users\ejone\AppData\Roaming\Dashlane\6.1907.0.17833\ucrt;C:\Users\ejone\AppData\Roaming\Dashlane\6.1907.0.17833\bin\Qt;C:\Users\ejone\AppData\Roaming\Dashlane\6.1907.0.17833\bin\Ssl;C:\Users\ejone\AppData\Local\GitHubDesktop\bin;C:\Users\ejone\AppData\Local\Microsoft\WindowsApps;C:\Users\ejone\AppData\Local\atom\bin;C:\WINDOWS\system32]
14:06:28 **** Incremental Build of configuration Debug for project hw1 ****
make all 
Cannot run program "make": Launching failed

Error: Program "make" not found in PATH
PATH=[C:/Program Files/Java/jdk-12.0.2/bin/server;C:/Program Files/Java/jdk-12.0.2/bin;C:\Python27\;C:\Python27\Scripts;C:\Program Files (x86)\Intel\iCLS Client\;C:\Program Files\Intel\iCLS Client\;C:\Windows\system32;C:\Windows;C:\Windows\System32\Wbem;C:\Windows\System32\WindowsPowerShell\v1.0\;C:\Program Files (x86)\NVIDIA Corporation\PhysX\Common;C:\Program Files (x86)\Intel\Intel(R) Management Engine Components\DAL;C:\Program Files\Intel\Intel(R) Management Engine Components\DAL;C:\Program Files (x86)\Intel\Intel(R) Management Engine Components\IPT;C:\Program Files\Intel\Intel(R) Management Engine Components\IPT;C:\WINDOWS\system32;C:\WINDOWS;C:\WINDOWS\System32\Wbem;C:\WINDOWS\System32\WindowsPowerShell\v1.0\;C:\WINDOWS\System32\OpenSSH\;C:\Program Files\Intel\WiFi\bin\;C:\Program Files\Common Files\Intel\WirelessCommon\;D:\ghdl\ghdl-0.35-mcode-windows\bin;D:\ghdl\gtkwave-3.3.94-bin-win32\gtkwave\bin;C:\Program Files\Git\cmd;C:\Program Files\nodejs\;C:\Program Files\dotnet\;C:\ProgramData\chocolatey\bin;D:\matlab\bin;C:\Program Files\NVIDIA Corporation\NVIDIA NvDLISR;C:\Program Files (x86)\mingw-w64\i686-8.1.0-posix-dwarf-rt_v6-rev0\mingw32\bin;C:\Program Files (x86)\mingw-w64\i686-8.1.0-posix-dwarf-rt_v6-rev0\mingw32\i686-w64-mingw32\bin;C:\MinGW\bin;C:\Users\ejone\AppData\Local\Microsoft\WindowsApps;C:\Users\ejone\AppData\Roaming\npm;C:\Users\ejone\AppData\Local\Programs\Microsoft VS Code\bin;C:\Users\ejone\AppData\Roaming\Dashlane\6.1907.0.17833\bin\Firefox_Extension\{442718d9-475e-452a-b3e1-fb1ee16b8e9f}\components;C:\Users\ejone\AppData\Roaming\Dashlane\6.1907.0.17833\ucrt;C:\Users\ejone\AppData\Roaming\Dashlane\6.1907.0.17833\bin\Qt;C:\Users\ejone\AppData\Roaming\Dashlane\6.1907.0.17833\bin\Ssl;C:\Users\ejone\AppData\Local\GitHubDesktop\bin;C:\Users\ejone\AppData\Local\Microsoft\WindowsApps;C:\Users\ejone\AppData\Local\atom\bin;C:\WINDOWS\system32]
17:04:47 **** Incremental Build of configuration Debug for project hw1 ****
make all 
Cannot run program "make": Launching failed

Error: Program "make" not found in PATH
PATH=[C:/Program Files/Java/jdk-12.0.2/bin/server;C:/Program Files/Java/jdk-12.0.2/bin;C:\Python27\;C:\Python27\Scripts;C:\Program Files (x86)\Intel\iCLS Client\;C:\Program Files\Intel\iCLS Client\;C:\Windows\system32;C:\Windows;C:\Windows\System32\Wbem;C:\Windows\System32\WindowsPowerShell\v1.0\;C:\Program Files (x86)\NVIDIA Corporation\PhysX\Common;C:\Program Files (x86)\Intel\Intel(R) Management Engine Components\DAL;C:\Program Files\Intel\Intel(R) Management Engine Components\DAL;C:\Program Files (x86)\Intel\Intel(R) Management Engine Components\IPT;C:\Program Files\Intel\Intel(R) Management Engine Components\IPT;C:\WINDOWS\system32;C:\WINDOWS;C:\WINDOWS\System32\Wbem;C:\WINDOWS\System32\WindowsPowerShell\v1.0\;C:\WINDOWS\System32\OpenSSH\;C:\Program Files\Intel\WiFi\bin\;C:\Program Files\Common Files\Intel\WirelessCommon\;D:\ghdl\ghdl-0.35-mcode-windows\bin;D:\ghdl\gtkwave-3.3.94-bin-win32\gtkwave\bin;C:\Program Files\Git\cmd;C:\Program Files\nodejs\;C:\Program Files\dotnet\;C:\ProgramData\chocolatey\bin;D:\matlab\bin;C:\Program Files\NVIDIA Corporation\NVIDIA NvDLISR;C:\Program Files (x86)\mingw-w64\i686-8.1.0-posix-dwarf-rt_v6-rev0\mingw32\bin;C:\Program Files (x86)\mingw-w64\i686-8.1.0-posix-dwarf-rt_v6-rev0\mingw32\i686-w64-mingw32\bin;C:\MinGW\bin;C:\Users\ejone\AppData\Local\Microsoft\WindowsApps;C:\Users\ejone\AppData\Roaming\npm;C:\Users\ejone\AppData\Local\Programs\Microsoft VS Code\bin;C:\Users\ejone\AppData\Roaming\Dashlane\6.1907.0.17833\bin\Firefox_Extension\{442718d9-475e-452a-b3e1-fb1ee16b8e9f}\components;C:\Users\ejone\AppData\Roaming\Dashlane\6.1907.0.17833\ucrt;C:\Users\ejone\AppData\Roaming\Dashlane\6.1907.0.17833\bin\Qt;C:\Users\ejone\AppData\Roaming\Dashlane\6.1907.0.17833\bin\Ssl;C:\Users\ejone\AppData\Local\GitHubDesktop\bin;C:\Users\ejone\AppData\Local\Microsoft\WindowsApps;C:\Users\ejone\AppData\Local\atom\bin;C:\WINDOWS\system32]
Building in: D:\cpe593\helloworld\build\default
No CMake toolchain file found for this target.Building in: D:\cpe593\helloworld\build\default
No CMake toolchain file found for this target.Building in: D:\cpe593\helloworld\build\default
No CMake toolchain file found for this target.Building in: D:\cpe593\helloworld\build\default
No CMake toolchain file found for this target.Building in: D:\cpe593\helloworld\build\default
No CMake toolchain file found for this target.Building in: D:\cpe593\helloworld\build\default
No CMake toolchain file found for this target.Building in: D:\cpe593\helloworld\build\default
No CMake toolchain file found for this target.Building in: D:\cpe593\helloworld\build\default
No CMake toolchain file found for this target.Building in: D:\cpe593\helloworld\build\default
No CMake toolchain file found for this target.Building in: D:\cpe593\helloworld\build\default
No CMake toolchain file found for this target.Building in: D:\cpe593\helloworld\build\default
No CMake toolchain file found for this target.Building in: D:\cpe593\helloworld\build\default
No CMake toolchain file found for this target.Building in: D:\cpe593\helloworld\build\default
No CMake toolchain file found for this target.Building in: D:\cpe593\helloworld\build\default
No CMake toolchain file found for this target.Building in: D:\cpe593\helloworld\build\default
No CMake toolchain file found for this target.Building in: D:\cpe593\helloworld\build\default
No CMake toolchain file found for this target.Building in: D:\cpe593\helloworld\build\default
No CMake toolchain file found for this target.Building in: D:\cpe593\helloworld\build\default
No CMake toolchain file found for this target.Building in: D:\cpe593\helloworld\build\default
No CMake toolchain file found for this target.Building in: D:\cpe593\helloworld\build\default
No CMake toolchain file found for this target.Building in: D:\cpe593\helloworld\build\default
No CMake toolchain file found for this target.